[debug] [2025-04-30T15:09:04.132Z] ----------------------------------------------------------------------
[debug] [2025-04-30T15:09:04.135Z] Command:       C:\nvm4w\nodejs\node.exe C:\nvm4w\nodejs\node_modules\firebase-tools\lib\bin\firebase.js init
[debug] [2025-04-30T15:09:04.135Z] CLI Version:   14.2.1
[debug] [2025-04-30T15:09:04.136Z] Platform:      win32
[debug] [2025-04-30T15:09:04.136Z] Node Version:  v20.19.0
[debug] [2025-04-30T15:09:04.136Z] Time:          Wed Apr 30 2025 11:09:04 GMT-0400 (GMT-04:00)
[debug] [2025-04-30T15:09:04.136Z] ----------------------------------------------------------------------
[debug] 
[debug] [2025-04-30T15:09:04.142Z] > command requires scopes: ["email","openid","https://www.googleapis.com/auth/cloudplatformprojects.readonly","https://www.googleapis.com/auth/firebase","https://www.googleapis.com/auth/cloud-platform"]
[debug] [2025-04-30T15:09:04.143Z] > authorizing via signed-in user (hillarycamiloramirez@gmail.com)
[info] 
     ######## #### ########  ######## ########     ###     ######  ########
     ##        ##  ##     ## ##       ##     ##  ##   ##  ##       ##
     ######    ##  ########  ######   ########  #########  ######  ######
     ##        ##  ##    ##  ##       ##     ## ##     ##       ## ##
     ##       #### ##     ## ######## ########  ##     ##  ######  ########

You're about to initialize a Firebase project in this directory:

  C:\Users\Hcamilo\Desktop\ProyectoSSV\Doctor

[info] 
=== Project Setup
[info] 
[info] First, let's associate this project directory with a Firebase project.
[info] You can create multiple project aliases by running firebase use --add, 
[info] but for now we'll just set up a default project.
[info] 
[debug] [2025-04-30T15:09:37.911Z] Checked if tokens are valid: true, expires at: 1746029251268
[debug] [2025-04-30T15:09:37.911Z] Checked if tokens are valid: true, expires at: 1746029251268
[debug] [2025-04-30T15:09:37.912Z] >>> [apiv2][query] GET https://firebase.googleapis.com/v1beta1/projects pageSize=100
[debug] [2025-04-30T15:09:38.663Z] <<< [apiv2][status] GET https://firebase.googleapis.com/v1beta1/projects 200
[debug] [2025-04-30T15:09:38.663Z] <<< [apiv2][body] GET https://firebase.googleapis.com/v1beta1/projects [omitted]
[info] i  Using project estudiante-f8a31 (Estudiante) 
[info] 
=== Dataconnect Setup
[debug] [2025-04-30T15:09:44.778Z] Checked if tokens are valid: true, expires at: 1746029251268
[debug] [2025-04-30T15:09:44.778Z] Checked if tokens are valid: true, expires at: 1746029251268
[debug] [2025-04-30T15:09:44.778Z] >>> [apiv2][query] GET https://cloudbilling.googleapis.com/v1/projects/estudiante-f8a31/billingInfo [none]
[debug] [2025-04-30T15:09:45.227Z] <<< [apiv2][status] GET https://cloudbilling.googleapis.com/v1/projects/estudiante-f8a31/billingInfo 200
[debug] [2025-04-30T15:09:45.227Z] <<< [apiv2][body] GET https://cloudbilling.googleapis.com/v1/projects/estudiante-f8a31/billingInfo {"name":"projects/estudiante-f8a31/billingInfo","projectId":"estudiante-f8a31","billingAccountName":"","billingEnabled":false}
[info] i  dataconnect: ensuring required API sqladmin.googleapis.com is enabled... 
[debug] [2025-04-30T15:09:45.228Z] Checked if tokens are valid: true, expires at: 1746029251268
[debug] [2025-04-30T15:09:45.228Z] Checked if tokens are valid: true, expires at: 1746029251268
[debug] [2025-04-30T15:09:45.228Z] >>> [apiv2][query] GET https://serviceusage.googleapis.com/v1/projects/estudiante-f8a31/services/sqladmin.googleapis.com [none]
[debug] [2025-04-30T15:09:45.229Z] >>> [apiv2][(partial)header] GET https://serviceusage.googleapis.com/v1/projects/estudiante-f8a31/services/sqladmin.googleapis.com x-goog-quota-user=projects/estudiante-f8a31
[debug] [2025-04-30T15:09:45.944Z] <<< [apiv2][status] GET https://serviceusage.googleapis.com/v1/projects/estudiante-f8a31/services/sqladmin.googleapis.com 200
[debug] [2025-04-30T15:09:45.944Z] <<< [apiv2][body] GET https://serviceusage.googleapis.com/v1/projects/estudiante-f8a31/services/sqladmin.googleapis.com [omitted]
[warn] !  dataconnect: missing required API sqladmin.googleapis.com. Enabling now... 
[debug] [2025-04-30T15:09:45.945Z] Checked if tokens are valid: true, expires at: 1746029251268
[debug] [2025-04-30T15:09:45.945Z] Checked if tokens are valid: true, expires at: 1746029251268
[debug] [2025-04-30T15:09:45.945Z] >>> [apiv2][query] POST https://serviceusage.googleapis.com/v1/projects/estudiante-f8a31/services/sqladmin.googleapis.com:enable [none]
[debug] [2025-04-30T15:09:45.945Z] >>> [apiv2][(partial)header] POST https://serviceusage.googleapis.com/v1/projects/estudiante-f8a31/services/sqladmin.googleapis.com:enable x-goog-quota-user=projects/estudiante-f8a31
[debug] [2025-04-30T15:09:46.691Z] <<< [apiv2][status] POST https://serviceusage.googleapis.com/v1/projects/estudiante-f8a31/services/sqladmin.googleapis.com:enable 200
[debug] [2025-04-30T15:09:46.691Z] <<< [apiv2][body] POST https://serviceusage.googleapis.com/v1/projects/estudiante-f8a31/services/sqladmin.googleapis.com:enable [omitted]
[debug] [2025-04-30T15:09:56.705Z] Checked if tokens are valid: true, expires at: 1746029251268
[debug] [2025-04-30T15:09:56.706Z] Checked if tokens are valid: true, expires at: 1746029251268
[debug] [2025-04-30T15:09:56.706Z] >>> [apiv2][query] GET https://serviceusage.googleapis.com/v1/projects/estudiante-f8a31/services/sqladmin.googleapis.com [none]
[debug] [2025-04-30T15:09:56.706Z] >>> [apiv2][(partial)header] GET https://serviceusage.googleapis.com/v1/projects/estudiante-f8a31/services/sqladmin.googleapis.com x-goog-quota-user=projects/estudiante-f8a31
[debug] [2025-04-30T15:09:57.226Z] <<< [apiv2][status] GET https://serviceusage.googleapis.com/v1/projects/estudiante-f8a31/services/sqladmin.googleapis.com 200
[debug] [2025-04-30T15:09:57.227Z] <<< [apiv2][body] GET https://serviceusage.googleapis.com/v1/projects/estudiante-f8a31/services/sqladmin.googleapis.com [omitted]
[info] +  dataconnect: required API sqladmin.googleapis.com is enabled 
[info] +  Wrote dataconnect\dataconnect.yaml 
[info] +  Wrote dataconnect\schema\schema.gql 
[info] +  Wrote dataconnect\connector\connector.yaml 
[info] +  Wrote dataconnect\connector\queries.gql 
[info] +  Wrote dataconnect\connector\mutations.gql 
[info] +  Detected WEB app in directory C:\Users\Hcamilo\Desktop\ProyectoSSV\Doctor 
